<?xml version="1.0" encoding="UTF-8"?>
<!-- Generated by org.testng.reporters.JUnitReportReporter -->
<testsuite hostname="user1" failures="0" tests="1" name="testScripts.UploadfileTest" time="3.023" errors="0" timestamp="2025-04-02T12:00:57 IST" skipped="0">
  <testcase classname="testScripts.UploadfileTest" name="UploadFile" time="3.023"/>
</testsuite> <!-- testScripts.UploadfileTest -->
