<?xml version="1.0" encoding="UTF-8"?>
<!-- Generated by org.testng.reporters.JUnitReportReporter -->
<testsuite hostname="user1" failures="0" tests="1" name="testScripts.TooltipTest" time="4.523" errors="0" timestamp="2025-04-02T14:52:31 IST" skipped="0">
  <testcase classname="testScripts.TooltipTest" name="toolTip" time="4.523"/>
</testsuite> <!-- testScripts.TooltipTest -->
