<?xml version="1.0" encoding="UTF-8"?>
<!-- Generated by org.testng.reporters.JUnitReportReporter -->
<testsuite hostname="user1" failures="0" tests="1" name="testScripts.WebTableTest" time="5.598" errors="0" timestamp="2025-03-26T15:18:02 IST" skipped="0">
  <testcase classname="testScripts.WebTableTest" name="dynamicWebTable" time="5.598"/>
</testsuite> <!-- testScripts.WebTableTest -->
