<?xml version="1.0" encoding="UTF-8"?>
<!-- Generated by org.testng.reporters.JUnitReportReporter -->
<testsuite hostname="user1" failures="0" tests="1" name="testScripts.RemoteWebGridTest" time="8.964" errors="0" timestamp="2025-04-07T16:03:59 IST" skipped="0">
  <testcase classname="testScripts.RemoteWebGridTest" name="StorySearch" time="8.964"/>
</testsuite> <!-- testScripts.RemoteWebGridTest -->
