<?xml version="1.0" encoding="UTF-8"?>
<!-- Generated by org.testng.reporters.JUnitReportReporter -->
<testsuite hostname="user1" failures="0" tests="3" name="parallelScript.SampleTestOne" time="11.747" errors="0" timestamp="2025-04-03T14:31:34 IST" skipped="0">
  <testcase classname="parallelScript.SampleTestOne" name="testOne" time="3.869"/>
  <testcase classname="parallelScript.SampleTestOne" name="testTwo" time="3.916"/>
  <testcase classname="parallelScript.SampleTestOne" name="testThree" time="3.962"/>
</testsuite> <!-- parallelScript.SampleTestOne -->
