<?xml version="1.0" encoding="UTF-8"?>
<!-- Generated by org.testng.reporters.JUnitReportReporter -->
<testsuite hostname="user1" failures="0" tests="1" name="testScripts.JSExecTest" time="5.202" errors="0" timestamp="2025-04-03T11:26:32 IST" skipped="0">
  <testcase classname="testScripts.JSExecTest" name="JsTest" time="5.202"/>
</testsuite> <!-- testScripts.JSExecTest -->
