<?xml version="1.0" encoding="UTF-8"?>
<!-- Generated by org.testng.reporters.JUnitReportReporter -->
<testsuite hostname="user1" failures="0" tests="3" name="parallelScript.SampleThreadTest" time="10.267" errors="0" timestamp="2025-04-03T14:33:14 IST" skipped="0">
  <testcase classname="parallelScript.SampleThreadTest" name="testThree" time="3.401"/>
  <testcase classname="parallelScript.SampleThreadTest" name="testTwo" time="3.400"/>
  <testcase classname="parallelScript.SampleThreadTest" name="testOne" time="3.466"/>
</testsuite> <!-- parallelScript.SampleThreadTest -->
