<?xml version="1.0" encoding="UTF-8"?>
<!-- Generated by org.testng.reporters.JUnitReportReporter -->
<testsuite hostname="user1" failures="0" tests="2" name="testScripts.LoginTest" time="16.214" errors="0" timestamp="2025-04-03T17:45:10 IST" skipped="0">
  <testcase classname="testScripts.LoginTest" name="LoginApp" time="8.045"/>
  <testcase classname="testScripts.LoginTest" name="LoginApp" time="8.169"/>
</testsuite> <!-- testScripts.LoginTest -->
