<?xml version="1.0" encoding="UTF-8"?>
<!-- Generated by org.testng.reporters.JUnitReportReporter -->
<testsuite hostname="user1" failures="0" tests="1" name="testScripts.RelativeLocators" time="3.500" errors="0" timestamp="2025-03-26T15:35:41 IST" skipped="0">
  <testcase classname="testScripts.RelativeLocators" name="relativeLoc" time="3.500"/>
</testsuite> <!-- testScripts.RelativeLocators -->
