<?xml version="1.0" encoding="UTF-8"?>
<!-- Generated by org.testng.reporters.JUnitReportReporter -->
<testsuite hostname="user1" failures="0" tests="1" name="groupScripts.SampleTestTwo" time="0.002" errors="0" timestamp="2025-04-03T12:23:35 IST" skipped="0">
  <testcase classname="groupScripts.SampleTestTwo" name="testTwo" time="0.002"/>
</testsuite> <!-- groupScripts.SampleTestTwo -->
