<?xml version="1.0" encoding="UTF-8"?>
<!-- Generated by org.testng.reporters.JUnitReportReporter -->
<testsuite hostname="user1" failures="0" tests="1" name="testScripts.DownloadTest" time="9.953" errors="0" timestamp="2025-04-02T12:17:02 IST" skipped="0">
  <testcase classname="testScripts.DownloadTest" name="fileDownload" time="9.953"/>
</testsuite> <!-- testScripts.DownloadTest -->
