<?xml version="1.0" encoding="UTF-8"?>
<!-- Generated by org.testng.reporters.JUnitReportReporter -->
<testsuite hostname="user1" failures="0" tests="1" name="testScripts.RadioChkBoxtest" time="7.366" errors="0" timestamp="2025-03-27T15:48:14 IST" skipped="0">
  <testcase classname="testScripts.RadioChkBoxtest" name="selectRadioBtn" time="7.366"/>
</testsuite> <!-- testScripts.RadioChkBoxtest -->
