<?xml version="1.0" encoding="UTF-8"?>
<!-- Generated by org.testng.reporters.JUnitReportReporter -->
<testsuite hostname="user1" failures="0" tests="1" name="testScripts.AutocompleteTest" time="3.945" errors="0" timestamp="2025-04-02T15:17:17 IST" skipped="0">
  <testcase classname="testScripts.AutocompleteTest" name="autoCompleteTest" time="3.945"/>
</testsuite> <!-- testScripts.AutocompleteTest -->
