<?xml version="1.0" encoding="UTF-8"?>
<!-- Generated by org.testng.reporters.JUnitReportReporter -->
<testsuite hostname="user1" failures="0" tests="1" name="testScripts.AlertTests" time="6.409" errors="0" timestamp="2025-04-02T12:46:39 IST" skipped="0">
  <testcase classname="testScripts.AlertTests" name="variousAlerts" time="6.409"/>
</testsuite> <!-- testScripts.AlertTests -->
