<?xml version="1.0" encoding="UTF-8"?>
<!-- Generated by org.testng.reporters.JUnitReportReporter -->
<testsuite hostname="user1" failures="0" tests="1" name="testScripts.DynamicElemtest" time="8.086" errors="0" timestamp="2025-03-27T16:14:48 IST" skipped="0">
  <testcase classname="testScripts.DynamicElemtest" name="dynamicElemnTest" time="8.086"/>
</testsuite> <!-- testScripts.DynamicElemtest -->
