<?xml version="1.0" encoding="UTF-8"?>
<!-- Generated by org.testng.reporters.JUnitReportReporter -->
<testsuite hostname="user1" failures="0" tests="1" name="testScripts.ChromeDevPrTest" time="4.955" errors="0" timestamp="2025-04-07T11:32:36 IST" skipped="0">
  <testcase classname="testScripts.ChromeDevPrTest" name="geoLocationTest" time="4.955"/>
</testsuite> <!-- testScripts.ChromeDevPrTest -->
