<?xml version="1.0" encoding="UTF-8"?>
<!-- Generated by org.testng.reporters.JUnitReportReporter -->
<testsuite hostname="user1" failures="0" tests="1" name="testScripts.DropDownTest" time="7.406" errors="0" timestamp="2025-03-27T16:51:42 IST" skipped="0">
  <testcase classname="testScripts.DropDownTest" name="SelectValue" time="7.406"/>
</testsuite> <!-- testScripts.DropDownTest -->
