<?xml version="1.0" encoding="UTF-8"?>
<!-- Generated by org.testng.reporters.JUnitReportReporter -->
<testsuite hostname="user1" failures="0" tests="4" name="testScripts.BookSearchTest" time="0.288" errors="0" timestamp="2025-04-03T12:28:15 IST" skipped="1">
  <testcase classname="testScripts.BookSearchTest" name="HistoryBook" time="0.088"/>
  <testcase classname="testScripts.BookSearchTest" name="CrimeNovelsearch" time="0.109"/>
  <testcase classname="testScripts.BookSearchTest" name="CookingBook" time="0.091"/>
  <testcase classname="testScripts.BookSearchTest" name="FantasyBook">
    <skipped/>
  </testcase> <!-- FantasyBook -->
</testsuite> <!-- testScripts.BookSearchTest -->
