<?xml version="1.0" encoding="UTF-8"?>
<!-- Generated by org.testng.reporters.JUnitReportReporter -->
<testsuite hostname="user1" failures="0" tests="1" name="testScripts.ShadowDOMTest" time="7.028" errors="0" timestamp="2025-04-02T12:32:17 IST" skipped="0">
  <testcase classname="testScripts.ShadowDOMTest" name="fShadowDOM" time="7.028"/>
</testsuite> <!-- testScripts.ShadowDOMTest -->
