<?xml version="1.0" encoding="UTF-8"?>
<!-- Generated by org.testng.reporters.JUnitReportReporter -->
<testsuite hostname="user1" failures="0" tests="1" name="testScripts.ExpWaitTest" time="19.988" errors="0" timestamp="2025-04-02T15:28:31 IST" skipped="0">
  <testcase classname="testScripts.ExpWaitTest" name="WaitTest" time="19.988"/>
</testsuite> <!-- testScripts.ExpWaitTest -->
